TN:
SF:src/m-calculator/product/product.test.ts
FN:6,(anonymous_6)
FN:12,(anonymous_7)
FN:19,(anonymous_8)
FNF:3
FNH:3
FNDA:1,(anonymous_6)
FNDA:1,(anonymous_7)
FNDA:1,(anonymous_8)
DA:3,1
DA:4,1
DA:6,1
DA:7,1
DA:8,1
DA:9,1
DA:12,1
DA:13,1
DA:14,1
DA:15,1
DA:19,1
DA:20,1
LF:12
LH:12
BRF:0
BRH:0
end_of_record
TN:
SF:src/m-calculator/product/product.ts
FN:14,(anonymous_0)
FN:19,Product
FN:25,(anonymous_2)
FN:26,(anonymous_3)
FNF:4
FNH:4
FNDA:1,(anonymous_0)
FNDA:3,Product
FNDA:3,(anonymous_2)
FNDA:9,(anonymous_3)
DA:14,1
DA:20,3
DA:21,3
DA:25,1
DA:26,9
DA:29,1
LF:6
LH:6
BRF:0
BRH:0
end_of_record
TN:
SF:src/m-calculator/shopping-list/shopping-list-item.ts
FN:4,(anonymous_0)
FN:8,ShoppingListItem
FN:13,(anonymous_2)
FNF:3
FNH:3
FNDA:1,(anonymous_0)
FNDA:2,ShoppingListItem
FNDA:2,(anonymous_2)
DA:4,1
DA:9,2
DA:10,2
DA:13,1
DA:14,2
DA:17,1
LF:6
LH:6
BRF:0
BRH:0
end_of_record
TN:
SF:src/m-calculator/shopping-list/shopping-list.test.ts
FN:8,(anonymous_6)
FN:15,(anonymous_7)
FN:26,(anonymous_8)
FNF:3
FNH:3
FNDA:1,(anonymous_6)
FNDA:1,(anonymous_7)
FNDA:1,(anonymous_8)
DA:2,1
DA:4,1
DA:5,1
DA:6,1
DA:8,1
DA:10,1
DA:11,1
DA:12,1
DA:15,1
DA:16,1
DA:17,1
DA:18,1
DA:19,1
DA:20,1
DA:21,1
DA:23,1
DA:26,1
DA:27,1
LF:18
LH:18
BRF:0
BRH:0
end_of_record
TN:
SF:src/m-calculator/shopping-list/shopping-list.ts
FN:3,(anonymous_0)
FN:6,ShoppingList
FN:10,(anonymous_2)
FN:11,(anonymous_3)
FNF:4
FNH:4
FNDA:1,(anonymous_0)
FNDA:1,ShoppingList
FNDA:1,(anonymous_2)
FNDA:2,(anonymous_3)
DA:3,1
DA:7,1
DA:10,1
DA:11,2
DA:14,1
LF:5
LH:5
BRF:0
BRH:0
end_of_record
